-------------------------------------------------------------------------------
Test set: TestFilterAsunto
-------------------------------------------------------------------------------
Tests run: 1, Failures: 0, Errors: 1, Skipped: 0, Time elapsed: 0.01 s <<< FAILURE! - in TestFilterAsunto
filterAsunto_Test(TestFilterAsunto)  Time elapsed: 0 s  <<< ERROR!
java.lang.IllegalArgumentException: El remitente no puede estar vacío o ser nulo
	at TestFilterAsunto.filterAsunto_Test(TestFilterAsunto.java:15)

