-------------------------------------------------------------------------------
Test set: TestFilterRemitenteYAsunto
-------------------------------------------------------------------------------
Tests run: 1, Failures: 0, Errors: 1, Skipped: 0, Time elapsed: 0 s <<< FAILURE! - in TestFilterRemitenteYAsunto
filterRemitenteYAsunto_Test(TestFilterRemitenteYAsunto)  Time elapsed: 0 s  <<< ERROR!
java.lang.IllegalArgumentException: El para no puede estar vacío o ser nulo
	at TestFilterRemitenteYAsunto.filterRemitenteYAsunto_Test(TestFilterRemitenteYAsunto.java:17)

