GROUP,PACKAGE,CLASS,INSTRUCTION_MISSED,INSTRUCTION_COVERED,BRANCH_MISSED,BRANCH_COVERED,LINE_MISSED,LINE_COVERED,COMPLEXITY_MISSED,COMPLEXITY_COVERED,METHOD_MISSED,METHOD_COVERED
mail,com.archivadormail,Bandeja,0,17,0,0,0,5,0,3,0,3
mail,com.archivadormail,Contacto,23,0,0,0,10,0,5,0,5,0
mail,com.archivadormail,MailManager,81,0,4,0,16,0,6,0,4,0
mail,com.archivadormail,Buzon,33,0,0,0,10,0,5,0,5,0
mail,com.archivadormail,Filter,25,0,0,0,5,0,3,0,3,0
mail,com.archivadormail,Mail,55,25,2,0,9,8,5,2,4,2
mail,com.archivadormail,Main,7,0,0,0,3,0,2,0,2,0
